============================================
SLURM Job: 158715_256
Node: n03
Start: Sat Apr 25 02:47:36 CEST 2026
============================================
- The project is out-of-sync -- use `renv::status()` for details.
- The project is out-of-sync -- use `renv::status()` for details.
[k=256] alpha=5.0 beta=0.6 a_infl=0.00 b_infl=0.15 sigma_infl=0.08 w=[0.80,0.85,0.90,0.95,1.05]
Running MCMC with 4 parallel chains, with 2 thread(s) per chain...

Chain 2 Iteration:    1 / 5000 [  0%]  (Warmup) 
Chain 3 Iteration:    1 / 5000 [  0%]  (Warmup) 
Chain 4 Iteration:    1 / 5000 [  0%]  (Warmup) 
Chain 1 Iteration:    1 / 5000 [  0%]  (Warmup) 
Chain 1 Iteration:  500 / 5000 [ 10%]  (Warmup) 
Chain 4 Iteration:  500 / 5000 [ 10%]  (Warmup) 
Chain 3 Iteration:  500 / 5000 [ 10%]  (Warmup) 
Chain 1 Iteration: 1000 / 5000 [ 20%]  (Warmup) 
Chain 2 Iteration:  500 / 5000 [ 10%]  (Warmup) 
Chain 4 Iteration: 1000 / 5000 [ 20%]  (Warmup) 
Chain 3 Iteration: 1000 / 5000 [ 20%]  (Warmup) 
Chain 1 Iteration: 1500 / 5000 [ 30%]  (Warmup) 
Chain 2 Iteration: 1000 / 5000 [ 20%]  (Warmup) 
Chain 4 Iteration: 1500 / 5000 [ 30%]  (Warmup) 
Chain 3 Iteration: 1500 / 5000 [ 30%]  (Warmup) 
Chain 1 Iteration: 2000 / 5000 [ 40%]  (Warmup) 
Chain 1 Iteration: 2001 / 5000 [ 40%]  (Sampling) 
Chain 2 Iteration: 1500 / 5000 [ 30%]  (Warmup) 
Chain 4 Iteration: 2000 / 5000 [ 40%]  (Warmup) 
Chain 4 Iteration: 2001 / 5000 [ 40%]  (Sampling) 
Chain 3 Iteration: 2000 / 5000 [ 40%]  (Warmup) 
Chain 3 Iteration: 2001 / 5000 [ 40%]  (Sampling) 
Chain 1 Iteration: 2500 / 5000 [ 50%]  (Sampling) 
Chain 2 Iteration: 2000 / 5000 [ 40%]  (Warmup) 
Chain 2 Iteration: 2001 / 5000 [ 40%]  (Sampling) 
Chain 4 Iteration: 2500 / 5000 [ 50%]  (Sampling) 
Chain 3 Iteration: 2500 / 5000 [ 50%]  (Sampling) 
Chain 1 Iteration: 3000 / 5000 [ 60%]  (Sampling) 
Chain 2 Iteration: 2500 / 5000 [ 50%]  (Sampling) 
Chain 4 Iteration: 3000 / 5000 [ 60%]  (Sampling) 
Chain 3 Iteration: 3000 / 5000 [ 60%]  (Sampling) 
Chain 1 Iteration: 3500 / 5000 [ 70%]  (Sampling) 
Chain 2 Iteration: 3000 / 5000 [ 60%]  (Sampling) 
Chain 4 Iteration: 3500 / 5000 [ 70%]  (Sampling) 
Chain 3 Iteration: 3500 / 5000 [ 70%]  (Sampling) 
Chain 1 Iteration: 4000 / 5000 [ 80%]  (Sampling) 
Chain 2 Iteration: 3500 / 5000 [ 70%]  (Sampling) 
Chain 4 Iteration: 4000 / 5000 [ 80%]  (Sampling) 
Chain 3 Iteration: 4000 / 5000 [ 80%]  (Sampling) 
Chain 1 Iteration: 4500 / 5000 [ 90%]  (Sampling) 
Chain 2 Iteration: 4000 / 5000 [ 80%]  (Sampling) 
Chain 4 Iteration: 4500 / 5000 [ 90%]  (Sampling) 
Chain 3 Iteration: 4500 / 5000 [ 90%]  (Sampling) 
Chain 1 Iteration: 5000 / 5000 [100%]  (Sampling) 
Chain 1 finished in 4832.5 seconds.
Chain 2 Iteration: 4500 / 5000 [ 90%]  (Sampling) 
Chain 3 Iteration: 5000 / 5000 [100%]  (Sampling) 
Chain 3 finished in 5013.7 seconds.
Chain 4 Iteration: 5000 / 5000 [100%]  (Sampling) 
Chain 4 finished in 5016.3 seconds.
Chain 2 Iteration: 5000 / 5000 [100%]  (Sampling) 
Chain 2 finished in 5251.6 seconds.

All 4 chains finished successfully.
Mean chain execution time: 5028.5 seconds.
Total execution time: 5252.2 seconds.

[k=256] Done. divergences=0 max_rhat=1.008
============================================
End: Sat Apr 25 04:19:02 CEST 2026
Exit code: 0
============================================
