============================================
SLURM Job: 158715_238
Node: n05
Start: Sat Apr 25 00:22:03 CEST 2026
============================================
- The project is out-of-sync -- use `renv::status()` for details.
- The project is out-of-sync -- use `renv::status()` for details.
[k=238] alpha=2.0 beta=0.6 a_infl=0.40 b_infl=0.00 sigma_infl=0.08 w=[0.80,0.85,0.90,0.95,1.05]
Running MCMC with 4 parallel chains, with 2 thread(s) per chain...

Chain 4 Iteration:    1 / 5000 [  0%]  (Warmup) 
Chain 1 Iteration:    1 / 5000 [  0%]  (Warmup) 
Chain 3 Iteration:    1 / 5000 [  0%]  (Warmup) 
Chain 2 Iteration:    1 / 5000 [  0%]  (Warmup) 
Chain 1 Iteration:  500 / 5000 [ 10%]  (Warmup) 
Chain 3 Iteration:  500 / 5000 [ 10%]  (Warmup) 
Chain 1 Iteration: 1000 / 5000 [ 20%]  (Warmup) 
Chain 3 Iteration: 1000 / 5000 [ 20%]  (Warmup) 
Chain 1 Iteration: 1500 / 5000 [ 30%]  (Warmup) 
Chain 1 Iteration: 2000 / 5000 [ 40%]  (Warmup) 
Chain 1 Iteration: 2001 / 5000 [ 40%]  (Sampling) 
Chain 3 Iteration: 1500 / 5000 [ 30%]  (Warmup) 
Chain 1 Iteration: 2500 / 5000 [ 50%]  (Sampling) 
Chain 3 Iteration: 2000 / 5000 [ 40%]  (Warmup) 
Chain 3 Iteration: 2001 / 5000 [ 40%]  (Sampling) 
Chain 2 Iteration:  500 / 5000 [ 10%]  (Warmup) 
Chain 1 Iteration: 3000 / 5000 [ 60%]  (Sampling) 
Chain 3 Iteration: 2500 / 5000 [ 50%]  (Sampling) 
Chain 1 Iteration: 3500 / 5000 [ 70%]  (Sampling) 
Chain 3 Iteration: 3000 / 5000 [ 60%]  (Sampling) 
Chain 2 Iteration: 1000 / 5000 [ 20%]  (Warmup) 
Chain 1 Iteration: 4000 / 5000 [ 80%]  (Sampling) 
Chain 3 Iteration: 3500 / 5000 [ 70%]  (Sampling) 
Chain 2 Iteration: 1500 / 5000 [ 30%]  (Warmup) 
Chain 1 Iteration: 4500 / 5000 [ 90%]  (Sampling) 
Chain 3 Iteration: 4000 / 5000 [ 80%]  (Sampling) 
Chain 1 Iteration: 5000 / 5000 [100%]  (Sampling) 
Chain 1 finished in 6479.1 seconds.
Chain 4 Iteration:  500 / 5000 [ 10%]  (Warmup) 
Chain 2 Iteration: 2000 / 5000 [ 40%]  (Warmup) 
Chain 2 Iteration: 2001 / 5000 [ 40%]  (Sampling) 
Chain 3 Iteration: 4500 / 5000 [ 90%]  (Sampling) 
Chain 3 Iteration: 5000 / 5000 [100%]  (Sampling) 
Chain 3 finished in 7136.1 seconds.
Chain 4 Iteration: 1000 / 5000 [ 20%]  (Warmup) 
Chain 2 Iteration: 2500 / 5000 [ 50%]  (Sampling) 
Chain 4 Iteration: 1500 / 5000 [ 30%]  (Warmup) 
Chain 2 Iteration: 3000 / 5000 [ 60%]  (Sampling) 
Chain 4 Iteration: 2000 / 5000 [ 40%]  (Warmup) 
Chain 4 Iteration: 2001 / 5000 [ 40%]  (Sampling) 
Chain 2 Iteration: 3500 / 5000 [ 70%]  (Sampling) 
Chain 4 Iteration: 2500 / 5000 [ 50%]  (Sampling) 
Chain 4 Iteration: 3000 / 5000 [ 60%]  (Sampling) 
Chain 2 Iteration: 4000 / 5000 [ 80%]  (Sampling) 
Chain 4 Iteration: 3500 / 5000 [ 70%]  (Sampling) 
Chain 2 Iteration: 4500 / 5000 [ 90%]  (Sampling) 
Chain 4 Iteration: 4000 / 5000 [ 80%]  (Sampling) 
Chain 4 Iteration: 4500 / 5000 [ 90%]  (Sampling) 
Chain 2 Iteration: 5000 / 5000 [100%]  (Sampling) 
Chain 2 finished in 10110.7 seconds.
Chain 4 Iteration: 5000 / 5000 [100%]  (Sampling) 
Chain 4 finished in 10375.1 seconds.

All 4 chains finished successfully.
Mean chain execution time: 8525.3 seconds.
Total execution time: 10375.6 seconds.

[k=238] Done. divergences=0 max_rhat=1.529
============================================
End: Sat Apr 25 03:18:25 CEST 2026
Exit code: 0
============================================
