============================================
SLURM Job: 158715_215
Node: n04
Start: Fri Apr 24 21:01:38 CEST 2026
============================================
- The project is out-of-sync -- use `renv::status()` for details.
- The project is out-of-sync -- use `renv::status()` for details.
[k=215] alpha=3.5 beta=0.0 a_infl=0.15 b_infl=0.00 sigma_infl=0.08 w=[0.80,0.85,0.90,0.95,1.05]
Running MCMC with 4 parallel chains, with 2 thread(s) per chain...

Chain 1 Iteration:    1 / 5000 [  0%]  (Warmup) 
Chain 2 Iteration:    1 / 5000 [  0%]  (Warmup) 
Chain 4 Iteration:    1 / 5000 [  0%]  (Warmup) 
Chain 3 Iteration:    1 / 5000 [  0%]  (Warmup) 
Chain 3 Iteration:  500 / 5000 [ 10%]  (Warmup) 
Chain 1 Iteration:  500 / 5000 [ 10%]  (Warmup) 
Chain 3 Iteration: 1000 / 5000 [ 20%]  (Warmup) 
Chain 1 Iteration: 1000 / 5000 [ 20%]  (Warmup) 
Chain 3 Iteration: 1500 / 5000 [ 30%]  (Warmup) 
Chain 2 Iteration:  500 / 5000 [ 10%]  (Warmup) 
Chain 4 Iteration:  500 / 5000 [ 10%]  (Warmup) 
Chain 1 Iteration: 1500 / 5000 [ 30%]  (Warmup) 
Chain 3 Iteration: 2000 / 5000 [ 40%]  (Warmup) 
Chain 3 Iteration: 2001 / 5000 [ 40%]  (Sampling) 
Chain 2 Iteration: 1000 / 5000 [ 20%]  (Warmup) 
Chain 4 Iteration: 1000 / 5000 [ 20%]  (Warmup) 
Chain 1 Iteration: 2000 / 5000 [ 40%]  (Warmup) 
Chain 1 Iteration: 2001 / 5000 [ 40%]  (Sampling) 
Chain 3 Iteration: 2500 / 5000 [ 50%]  (Sampling) 
Chain 2 Iteration: 1500 / 5000 [ 30%]  (Warmup) 
Chain 4 Iteration: 1500 / 5000 [ 30%]  (Warmup) 
Chain 1 Iteration: 2500 / 5000 [ 50%]  (Sampling) 
Chain 3 Iteration: 3000 / 5000 [ 60%]  (Sampling) 
Chain 2 Iteration: 2000 / 5000 [ 40%]  (Warmup) 
Chain 2 Iteration: 2001 / 5000 [ 40%]  (Sampling) 
Chain 4 Iteration: 2000 / 5000 [ 40%]  (Warmup) 
Chain 4 Iteration: 2001 / 5000 [ 40%]  (Sampling) 
Chain 1 Iteration: 3000 / 5000 [ 60%]  (Sampling) 
Chain 3 Iteration: 3500 / 5000 [ 70%]  (Sampling) 
Chain 2 Iteration: 2500 / 5000 [ 50%]  (Sampling) 
Chain 4 Iteration: 2500 / 5000 [ 50%]  (Sampling) 
Chain 1 Iteration: 3500 / 5000 [ 70%]  (Sampling) 
Chain 3 Iteration: 4000 / 5000 [ 80%]  (Sampling) 
Chain 2 Iteration: 3000 / 5000 [ 60%]  (Sampling) 
Chain 4 Iteration: 3000 / 5000 [ 60%]  (Sampling) 
Chain 1 Iteration: 4000 / 5000 [ 80%]  (Sampling) 
Chain 3 Iteration: 4500 / 5000 [ 90%]  (Sampling) 
Chain 2 Iteration: 3500 / 5000 [ 70%]  (Sampling) 
Chain 4 Iteration: 3500 / 5000 [ 70%]  (Sampling) 
Chain 1 Iteration: 4500 / 5000 [ 90%]  (Sampling) 
Chain 3 Iteration: 5000 / 5000 [100%]  (Sampling) 
Chain 3 finished in 4828.9 seconds.
Chain 2 Iteration: 4000 / 5000 [ 80%]  (Sampling) 
Chain 4 Iteration: 4000 / 5000 [ 80%]  (Sampling) 
Chain 1 Iteration: 5000 / 5000 [100%]  (Sampling) 
Chain 1 finished in 5181.3 seconds.
Chain 2 Iteration: 4500 / 5000 [ 90%]  (Sampling) 
Chain 4 Iteration: 4500 / 5000 [ 90%]  (Sampling) 
Chain 2 Iteration: 5000 / 5000 [100%]  (Sampling) 
Chain 2 finished in 5679.6 seconds.
Chain 4 Iteration: 5000 / 5000 [100%]  (Sampling) 
Chain 4 finished in 5774.1 seconds.

All 4 chains finished successfully.
Mean chain execution time: 5366.0 seconds.
Total execution time: 5774.7 seconds.

[k=215] Done. divergences=0 max_rhat=1.005
============================================
End: Fri Apr 24 22:41:47 CEST 2026
Exit code: 0
============================================
