============================================
SLURM Job: 158715_77
Node: n02
Start: Fri Apr 24 00:06:00 CEST 2026
============================================
- The project is out-of-sync -- use `renv::status()` for details.
- The project is out-of-sync -- use `renv::status()` for details.
[k=77] alpha=1.0 beta=0.6 a_infl=0.15 b_infl=0.15 sigma_infl=0.08 w=[1.00,1.00,1.00,1.00,1.00]
Running MCMC with 4 parallel chains, with 2 thread(s) per chain...

Chain 1 Iteration:    1 / 5000 [  0%]  (Warmup) 
Chain 2 Iteration:    1 / 5000 [  0%]  (Warmup) 
Chain 3 Iteration:    1 / 5000 [  0%]  (Warmup) 
Chain 4 Iteration:    1 / 5000 [  0%]  (Warmup) 
Chain 2 Iteration:  500 / 5000 [ 10%]  (Warmup) 
Chain 1 Iteration:  500 / 5000 [ 10%]  (Warmup) 
Chain 4 Iteration:  500 / 5000 [ 10%]  (Warmup) 
Chain 2 Iteration: 1000 / 5000 [ 20%]  (Warmup) 
Chain 1 Iteration: 1000 / 5000 [ 20%]  (Warmup) 
Chain 4 Iteration: 1000 / 5000 [ 20%]  (Warmup) 
Chain 2 Iteration: 1500 / 5000 [ 30%]  (Warmup) 
Chain 1 Iteration: 1500 / 5000 [ 30%]  (Warmup) 
Chain 2 Iteration: 2000 / 5000 [ 40%]  (Warmup) 
Chain 2 Iteration: 2001 / 5000 [ 40%]  (Sampling) 
Chain 4 Iteration: 1500 / 5000 [ 30%]  (Warmup) 
Chain 1 Iteration: 2000 / 5000 [ 40%]  (Warmup) 
Chain 1 Iteration: 2001 / 5000 [ 40%]  (Sampling) 
Chain 2 Iteration: 2500 / 5000 [ 50%]  (Sampling) 
Chain 4 Iteration: 2000 / 5000 [ 40%]  (Warmup) 
Chain 4 Iteration: 2001 / 5000 [ 40%]  (Sampling) 
Chain 1 Iteration: 2500 / 5000 [ 50%]  (Sampling) 
Chain 3 Iteration:  500 / 5000 [ 10%]  (Warmup) 
Chain 2 Iteration: 3000 / 5000 [ 60%]  (Sampling) 
Chain 1 Iteration: 3000 / 5000 [ 60%]  (Sampling) 
Chain 4 Iteration: 2500 / 5000 [ 50%]  (Sampling) 
Chain 3 Iteration: 1000 / 5000 [ 20%]  (Warmup) 
Chain 2 Iteration: 3500 / 5000 [ 70%]  (Sampling) 
Chain 1 Iteration: 3500 / 5000 [ 70%]  (Sampling) 
Chain 4 Iteration: 3000 / 5000 [ 60%]  (Sampling) 
Chain 3 Iteration: 1500 / 5000 [ 30%]  (Warmup) 
Chain 2 Iteration: 4000 / 5000 [ 80%]  (Sampling) 
Chain 1 Iteration: 4000 / 5000 [ 80%]  (Sampling) 
Chain 4 Iteration: 3500 / 5000 [ 70%]  (Sampling) 
Chain 3 Iteration: 2000 / 5000 [ 40%]  (Warmup) 
Chain 3 Iteration: 2001 / 5000 [ 40%]  (Sampling) 
Chain 2 Iteration: 4500 / 5000 [ 90%]  (Sampling) 
Chain 1 Iteration: 4500 / 5000 [ 90%]  (Sampling) 
Chain 3 Iteration: 2500 / 5000 [ 50%]  (Sampling) 
Chain 4 Iteration: 4000 / 5000 [ 80%]  (Sampling) 
Chain 2 Iteration: 5000 / 5000 [100%]  (Sampling) 
Chain 2 finished in 6425.0 seconds.
Chain 1 Iteration: 5000 / 5000 [100%]  (Sampling) 
Chain 1 finished in 6556.9 seconds.
Chain 3 Iteration: 3000 / 5000 [ 60%]  (Sampling) 
Chain 4 Iteration: 4500 / 5000 [ 90%]  (Sampling) 
Chain 3 Iteration: 3500 / 5000 [ 70%]  (Sampling) 
Chain 4 Iteration: 5000 / 5000 [100%]  (Sampling) 
Chain 4 finished in 7210.4 seconds.
Chain 3 Iteration: 4000 / 5000 [ 80%]  (Sampling) 
Chain 3 Iteration: 4500 / 5000 [ 90%]  (Sampling) 
Chain 3 Iteration: 5000 / 5000 [100%]  (Sampling) 
Chain 3 finished in 8305.9 seconds.

All 4 chains finished successfully.
Mean chain execution time: 7124.6 seconds.
Total execution time: 8306.5 seconds.

[k=77] Done. divergences=0 max_rhat=1.008
============================================
End: Fri Apr 24 02:28:26 CEST 2026
Exit code: 0
============================================
