============================================
SLURM Job: 158715_279
Node: n02
Start: Sat Apr 25 05:39:39 CEST 2026
============================================
- The project is out-of-sync -- use `renv::status()` for details.
- The project is out-of-sync -- use `renv::status()` for details.
[k=279] alpha=3.5 beta=0.0 a_infl=0.40 b_infl=0.15 sigma_infl=0.08 w=[0.80,0.85,0.90,0.95,1.05]
Running MCMC with 4 parallel chains, with 2 thread(s) per chain...

Chain 1 Iteration:    1 / 5000 [  0%]  (Warmup) 
Chain 2 Iteration:    1 / 5000 [  0%]  (Warmup) 
Chain 3 Iteration:    1 / 5000 [  0%]  (Warmup) 
Chain 4 Iteration:    1 / 5000 [  0%]  (Warmup) 
Chain 4 Iteration:  500 / 5000 [ 10%]  (Warmup) 
Chain 1 Iteration:  500 / 5000 [ 10%]  (Warmup) 
Chain 4 Iteration: 1000 / 5000 [ 20%]  (Warmup) 
Chain 1 Iteration: 1000 / 5000 [ 20%]  (Warmup) 
Chain 2 Iteration:  500 / 5000 [ 10%]  (Warmup) 
Chain 4 Iteration: 1500 / 5000 [ 30%]  (Warmup) 
Chain 1 Iteration: 1500 / 5000 [ 30%]  (Warmup) 
Chain 2 Iteration: 1000 / 5000 [ 20%]  (Warmup) 
Chain 4 Iteration: 2000 / 5000 [ 40%]  (Warmup) 
Chain 4 Iteration: 2001 / 5000 [ 40%]  (Sampling) 
Chain 1 Iteration: 2000 / 5000 [ 40%]  (Warmup) 
Chain 1 Iteration: 2001 / 5000 [ 40%]  (Sampling) 
Chain 2 Iteration: 1500 / 5000 [ 30%]  (Warmup) 
Chain 4 Iteration: 2500 / 5000 [ 50%]  (Sampling) 
Chain 1 Iteration: 2500 / 5000 [ 50%]  (Sampling) 
Chain 2 Iteration: 2000 / 5000 [ 40%]  (Warmup) 
Chain 2 Iteration: 2001 / 5000 [ 40%]  (Sampling) 
Chain 4 Iteration: 3000 / 5000 [ 60%]  (Sampling) 
Chain 1 Iteration: 3000 / 5000 [ 60%]  (Sampling) 
Chain 2 Iteration: 2500 / 5000 [ 50%]  (Sampling) 
Chain 4 Iteration: 3500 / 5000 [ 70%]  (Sampling) 
Chain 2 Iteration: 3000 / 5000 [ 60%]  (Sampling) 
Chain 1 Iteration: 3500 / 5000 [ 70%]  (Sampling) 
Chain 4 Iteration: 4000 / 5000 [ 80%]  (Sampling) 
Chain 2 Iteration: 3500 / 5000 [ 70%]  (Sampling) 
Chain 1 Iteration: 4000 / 5000 [ 80%]  (Sampling) 
Chain 4 Iteration: 4500 / 5000 [ 90%]  (Sampling) 
Chain 2 Iteration: 4000 / 5000 [ 80%]  (Sampling) 
Chain 1 Iteration: 4500 / 5000 [ 90%]  (Sampling) 
Chain 4 Iteration: 5000 / 5000 [100%]  (Sampling) 
Chain 4 finished in 5727.1 seconds.
Chain 2 Iteration: 4500 / 5000 [ 90%]  (Sampling) 
Chain 1 Iteration: 5000 / 5000 [100%]  (Sampling) 
Chain 1 finished in 6168.9 seconds.
Chain 2 Iteration: 5000 / 5000 [100%]  (Sampling) 
Chain 2 finished in 6397.2 seconds.
Chain 3 Iteration:  500 / 5000 [ 10%]  (Warmup) 
Chain 3 Iteration: 1000 / 5000 [ 20%]  (Warmup) 
Chain 3 Iteration: 1500 / 5000 [ 30%]  (Warmup) 
Chain 3 Iteration: 2000 / 5000 [ 40%]  (Warmup) 
Chain 3 Iteration: 2001 / 5000 [ 40%]  (Sampling) 
Chain 3 Iteration: 2500 / 5000 [ 50%]  (Sampling) 
Chain 3 Iteration: 3000 / 5000 [ 60%]  (Sampling) 
Chain 3 Iteration: 3500 / 5000 [ 70%]  (Sampling) 
Chain 3 Iteration: 4000 / 5000 [ 80%]  (Sampling) 
Chain 3 Iteration: 4500 / 5000 [ 90%]  (Sampling) 
Chain 3 Iteration: 5000 / 5000 [100%]  (Sampling) 
Chain 3 finished in 34847.3 seconds.

All 4 chains finished successfully.
Mean chain execution time: 13285.1 seconds.
Total execution time: 34848.2 seconds.

[k=279] Done. divergences=0 max_rhat=1.538
============================================
End: Sat Apr 25 15:24:38 CEST 2026
Exit code: 0
============================================
